<?xml version="1.0" encoding="UTF-8"?>
<!-- Generated by org.testng.reporters.JUnitReportReporter -->
<testsuite hostname="DESKTOP-9MI9O1Q" failures="0" tests="3" name="com.orangehrm.tests.LoginTests" time="3.909" errors="0" timestamp="06 Sep 2021 02:15:49 GMT" skipped="0">
  <testcase classname="com.orangehrm.tests.LoginTests" name="negTestLoginEmptyUsername" time="0.563"/>
  <testcase classname="com.orangehrm.tests.LoginTests" name="negTestLoginBadPassword" time="1.106"/>
  <testcase classname="com.orangehrm.tests.LoginTests" name="testLogin" time="2.240"/>
</testsuite> <!-- com.orangehrm.tests.LoginTests -->
