<?xml version="1.0" encoding="UTF-8"?>
<!-- Generated by org.testng.reporters.JUnitReportReporter -->
<testsuite hostname="DESKTOP-9MI9O1Q" failures="0" tests="4" name="com.orange.tests.PasswordResetTests" time="2.337" errors="0" timestamp="08 Sep 2021 00:47:48 GMT" skipped="0">
  <testcase classname="com.orange.tests.PasswordResetTests" name="testResetLinkEnabled" time="0.519"/>
  <testcase classname="com.orange.tests.PasswordResetTests" name="testResetLinkEnabled" time="0.562"/>
  <testcase classname="com.orange.tests.PasswordResetTests" name="testResetSubmission" time="0.659"/>
  <testcase classname="com.orange.tests.PasswordResetTests" name="testResetSubmission" time="0.597"/>
</testsuite> <!-- com.orange.tests.PasswordResetTests -->
