<?xml version="1.0" encoding="UTF-8"?>
<!-- Generated by org.testng.reporters.JUnitReportReporter -->
<testsuite hostname="DESKTOP-9MI9O1Q" failures="0" tests="6" name="com.orange.tests.LoginTests" time="6.680" errors="0" timestamp="08 Sep 2021 00:47:48 GMT" skipped="0">
  <testcase classname="com.orange.tests.LoginTests" name="negTestLoginEmptyUsername" time="0.371"/>
  <testcase classname="com.orange.tests.LoginTests" name="negTestLoginEmptyUsername" time="0.419"/>
  <testcase classname="com.orange.tests.LoginTests" name="negTestLoginBadPassword" time="0.959"/>
  <testcase classname="com.orange.tests.LoginTests" name="negTestLoginBadPassword" time="1.164"/>
  <testcase classname="com.orange.tests.LoginTests" name="testLogin" time="1.660"/>
  <testcase classname="com.orange.tests.LoginTests" name="testLogin" time="2.107"/>
</testsuite> <!-- com.orange.tests.LoginTests -->
